<?xml version="1.0" encoding="UTF-8"?>
<!-- Generated by org.testng.reporters.JUnitReportReporter -->
<testsuite skipped="0" hostname="DESKTOP-CQ6UCGH" name="Common.Constant" tests="1" failures="0" timestamp="16 Aug 2018 08:57:16 GMT" time="50.736" errors="0">
  <testcase name="calllogin" time="50.736" classname="Common.Constant"/>
</testsuite> <!-- Common.Constant -->
